<?xml version="1.0" encoding="UTF-8"?>
<!-- Generated by org.testng.reporters.JUnitReportReporter -->
<testsuite skipped="0" hostname="DESKTOP-8OBLECF" name="orangeHRM.testcases.LoginScenarios" tests="3" failures="0" timestamp="17 Jan 2020 14:13:27 GMT" time="10.332" errors="0">
  <testcase name="verifyPage" time="0.160" classname="orangeHRM.testcases.LoginScenarios"/>
  <testcase name="loginToApplication" time="6.798" classname="orangeHRM.testcases.LoginScenarios"/>
  <testcase name="logoutFromApplication" time="3.374" classname="orangeHRM.testcases.LoginScenarios"/>
</testsuite> <!-- orangeHRM.testcases.LoginScenarios -->
